<?xml version="1.0" encoding="UTF-8"?>
<testng-results ignored="0" total="1" passed="1" failed="0" skipped="0">
  <reporter-output>
  </reporter-output>
  <suite started-at="2023-06-22T15:00:41 EEST" name="TestSuite" finished-at="2023-06-22T15:00:44 EEST" duration-ms="3778">
    <groups>
    </groups>
    <test started-at="2023-06-22T15:00:41 EEST" name="ChromeTest" finished-at="2023-06-22T15:00:44 EEST" duration-ms="3778">
      <class name="testCases.Login_TC1">
        <test-method is-config="true" signature="setUp()[pri:0, instance:testCases.Login_TC1@36060e]" started-at="2023-06-22T15:00:37 EEST" name="setUp" finished-at="2023-06-22T15:00:41 EEST" duration-ms="3421" status="PASS">
          <reporter-output>
          </reporter-output>
        </test-method> <!-- setUp -->
        <test-method signature="login_and_logout()[pri:0, instance:testCases.Login_TC1@36060e]" started-at="2023-06-22T15:00:41 EEST" name="login_and_logout" finished-at="2023-06-22T15:00:44 EEST" duration-ms="3757" status="PASS">
          <reporter-output>
          </reporter-output>
        </test-method> <!-- login_and_logout -->
        <test-method is-config="true" signature="tearDown(org.testng.ITestResult)[pri:0, instance:testCases.Login_TC1@36060e]" started-at="2023-06-22T15:00:44 EEST" name="tearDown" finished-at="2023-06-22T15:00:44 EEST" duration-ms="0" status="PASS">
          <params>
            <param index="0">
              <value>
                <![CDATA[[TestResult name=login_and_logout status=SUCCESS method=Login_TC1.login_and_logout()[pri:0, instance:testCases.Login_TC1@36060e] output={null}]]]>
              </value>
            </param>
          </params>
          <reporter-output>
          </reporter-output>
        </test-method> <!-- tearDown -->
        <test-method is-config="true" signature="tearDown()[pri:0, instance:testCases.Login_TC1@36060e]" started-at="2023-06-22T15:00:44 EEST" name="tearDown" finished-at="2023-06-22T15:00:45 EEST" duration-ms="454" status="PASS">
          <reporter-output>
          </reporter-output>
        </test-method> <!-- tearDown -->
      </class> <!-- testCases.Login_TC1 -->
    </test> <!-- ChromeTest -->
  </suite> <!-- TestSuite -->
</testng-results>
